Using pre-set license
Built from '2020.3/staging' branch; Version is '2020.3.9f1 (108be757e447) revision 1084391'; Using compiler version '192528614'; Build Type 'Release'
OS: 'Windows 10 Pro; OS build 19042.1052; Version 2009; 64bit' Language: 'pt' Physical Memory: 8174 MB
BatchMode: 1, IsHumanControllingUs: 0, StartBugReporterOnCrash: 0, Is64bit: 1, IsPro: 0

 COMMAND LINE ARGUMENTS:
C:\Program Files\Unity\Hub\Editor\2020.3.9f1\Editor\Unity.exe
-adb2
-batchMode
-noUpm
-name
AssetImportWorker0
-projectPath
C:/Users/monkz/Documents/GitHub/TextIt_3.1.3
-logFile
Logs/AssetImportWorker0.log
-srvPort
53830
Successfully changed project path to: C:/Users/monkz/Documents/GitHub/TextIt_3.1.3
C:/Users/monkz/Documents/GitHub/TextIt_3.1.3
Using Asset Import Pipeline V2.
