Using pre-set license
Built from '2020.3/staging' branch; Version is '2020.3.9f1 (108be757e447) revision 1084391'; Using compiler version '192528614'; Build Type 'Release'
OS: 'Windows 10 Pro; OS build 19042.1052; Version 2009; 64bit' Language: 'pt' Physical Memory: 8174 MB
BatchMode: 1, IsHumanControllingUs: 0, StartBugReporterOnCrash: 0, Is64bit: 1, IsPro: 0

 COMMAND LINE ARGUMENTS:
C:\Program Files\Unity\Hub\Editor\2020.3.9f1\Editor\Unity.exe
-adb2
-batchMode
-noUpm
-name
AssetImportWorker3
-projectPath
C:/Users/monkz/Documents/GitHub/TextIt_3.1.3
-logFile
Logs/AssetImportWorker3.log
-srvPort
53830
Successfully changed project path to: C:/Users/monkz/Documents/GitHub/TextIt_3.1.3
C:/Users/monkz/Documents/GitHub/TextIt_3.1.3
Using Asset Import Pipeline V2.
Refreshing native plugins compatible for Editor in 152.29 ms, found 0 plugins.
Preloading 0 native plugins for Editor in 0.00 ms.
Initialize engine version: 2020.3.9f1 (108be757e447)
[Subsystems] Discovering subsystems at path C:/Program Files/Unity/Hub/Editor/2020.3.9f1/Editor/Data/Resources/UnitySubsystems
[Subsystems] Discovering subsystems at path C:/Users/monkz/Documents/GitHub/TextIt_3.1.3/Assets
GfxDevice: creating device client; threaded=0
Direct3D:
    Version:  Direct3D 11.0 [level 11.1]
    Renderer: NVIDIA GeForce GTX 1050 Ti (ID=0x1c82)
    Vendor:   
    VRAM:     4018 MB
    Driver:   27.21.14.6647
Initialize mono
Mono path[0] = 'C:/Program Files/Unity/Hub/Editor/2020.3.9f1/Editor/Data/Managed'
Mono path[1] = 'C:/Program Files/Unity/Hub/Editor/2020.3.9f1/Editor/Data/MonoBleedingEdge/lib/mono/unityjit'
Mono config path = 'C:/Program Files/Unity/Hub/Editor/2020.3.9f1/Editor/Data/MonoBleedingEdge/etc'
Using monoOptions --debugger-agent=transport=dt_socket,embedding=1,server=y,suspend=n,address=127.0.0.1:56080
Begin MonoManager ReloadAssembly
Registering precompiled unity dll's ...
Register platform support module: C:/Program Files/Unity/Hub/Editor/2020.3.9f1/Editor/Data/PlaybackEngines/WindowsStandaloneSupport/UnityEditor.WindowsStandalone.Extensions.dll
Registered in 0.008638 seconds.
Native extension for WindowsStandalone target not found
Refreshing native plugins compatible for Editor in 96.49 ms, found 0 plugins.
Preloading 0 native plugins for Editor in 0.00 ms.
Mono: successfully reloaded assembly
- Completed reload, in  6.827 seconds
Platform modules already initialized, skipping
Registering precompiled user dll's ...
Registered in 0.011140 seconds.
Begin MonoManager ReloadAssembly
Native extension for WindowsStandalone target not found
Refreshing native plugins compatible for Editor in 1.53 ms, found 0 plugins.
Preloading 0 native plugins for Editor in 0.00 ms.
Mono: successfully reloaded assembly
- Completed reload, in  2.898 seconds
Platform modules already initialized, skipping
========================================================================
Worker process is ready to serve import requests
Launched and connected shader compiler UnityShaderCompiler.exe after 0.47 seconds
Refreshing native plugins compatible for Editor in 1.00 ms, found 0 plugins.
Preloading 0 native plugins for Editor in 0.00 ms.
Unloading 1665 Unused Serialized files (Serialized files now loaded: 0)
System memory in use before: 72.3 MB.
System memory in use after: 72.4 MB.

Unloading 49 unused Assets to reduce memory usage. Loaded Objects now: 2078.
Total: 13.100700 ms (FindLiveObjects: 0.532300 ms CreateObjectMapping: 0.132400 ms MarkObjects: 12.290300 ms  DeleteObjects: 0.142700 ms)

========================================================================
Received Import Request.
  path: Assets/Scripts
  artifactKey: Guid(0c84c300a151b59489eab683df857e30) Importer(815301076,1909f56bfc062723c751e8b465ee728b)
Start importing Assets/Scripts using Guid(0c84c300a151b59489eab683df857e30) Importer(815301076,1909f56bfc062723c751e8b465ee728b)  -> (artifact id: 'a946bdb6cf9cdd265514502facbf415d') in 0.024071 seconds
  Import took 0.028777 seconds .

========================================================================
Received Import Request.
  Time since last request: 0.000375 seconds.
  path: Assets/Scripts/words.cs
  artifactKey: Guid(2eef6a09eb815ab4cb6841b2b0973155) Importer(815301076,1909f56bfc062723c751e8b465ee728b)
Start importing Assets/Scripts/words.cs using Guid(2eef6a09eb815ab4cb6841b2b0973155) Importer(815301076,1909f56bfc062723c751e8b465ee728b)  -> (artifact id: '58531dcf772fb34a6b54fde69eb210c6') in 0.072464 seconds
  Import took 0.076704 seconds .

========================================================================
Received Prepare
Refreshing native plugins compatible for Editor in 563.29 ms, found 0 plugins.
Preloading 0 native plugins for Editor in 0.00 ms.
Unloading 38 Unused Serialized files (Serialized files now loaded: 0)
System memory in use before: 39.9 MB.
System memory in use after: 40.0 MB.

Unloading 38 unused Assets to reduce memory usage. Loaded Objects now: 2078.
Total: 12.363800 ms (FindLiveObjects: 0.431800 ms CreateObjectMapping: 0.148200 ms MarkObjects: 11.733400 ms  DeleteObjects: 0.047700 ms)

========================================================================
Received Import Request.
  Time since last request: 210.205316 seconds.
  path: Assets/Scripts/words.cs
  artifactKey: Guid(2eef6a09eb815ab4cb6841b2b0973155) Importer(815301076,1909f56bfc062723c751e8b465ee728b)
Start importing Assets/Scripts/words.cs using Guid(2eef6a09eb815ab4cb6841b2b0973155) Importer(815301076,1909f56bfc062723c751e8b465ee728b)  -> (artifact id: '0a7dfa58f6b408968abadc5fa86a416d') in 0.008552 seconds
  Import took 0.015156 seconds .

========================================================================
Received Prepare
Registering precompiled user dll's ...
Registered in 0.007180 seconds.
Begin MonoManager ReloadAssembly
Native extension for WindowsStandalone target not found
Refreshing native plugins compatible for Editor in 1.01 ms, found 0 plugins.
Preloading 0 native plugins for Editor in 0.00 ms.
Mono: successfully reloaded assembly
- Completed reload, in  3.178 seconds
Platform modules already initialized, skipping
Refreshing native plugins compatible for Editor in 1.04 ms, found 0 plugins.
Preloading 0 native plugins for Editor in 0.00 ms.
Unloading 1659 Unused Serialized files (Serialized files now loaded: 0)
System memory in use before: 72.1 MB.
System memory in use after: 72.3 MB.

Unloading 40 unused Assets to reduce memory usage. Loaded Objects now: 2081.
Total: 8.117700 ms (FindLiveObjects: 0.309500 ms CreateObjectMapping: 0.101600 ms MarkObjects: 7.666500 ms  DeleteObjects: 0.038300 ms)

========================================================================
Received Import Request.
  Time since last request: 406.884736 seconds.
  path: Assets/Prefab
  artifactKey: Guid(d77bb09e2405b4943802b300b2680e34) Importer(815301076,1909f56bfc062723c751e8b465ee728b)
Start importing Assets/Prefab using Guid(d77bb09e2405b4943802b300b2680e34) Importer(815301076,1909f56bfc062723c751e8b465ee728b)  -> (artifact id: '4e3835a7189cada864966bfe7783ce31') in 0.014228 seconds
  Import took 0.021842 seconds .

========================================================================
Received Import Request.
  Time since last request: 0.000757 seconds.
  path: Assets/Prefab
  artifactKey: Guid(d77bb09e2405b4943802b300b2680e34) Importer(815301076,1909f56bfc062723c751e8b465ee728b)
Start importing Assets/Prefab using Guid(d77bb09e2405b4943802b300b2680e34) Importer(815301076,1909f56bfc062723c751e8b465ee728b)  -> (artifact id: '4e3835a7189cada864966bfe7783ce31') in 0.005718 seconds
  Import took 0.010260 seconds .

========================================================================
Received Import Request.
  Time since last request: 1.704764 seconds.
  path: Assets/Prefab/palavras
  artifactKey: Guid(9b430f5d2cdd95640937d36fa51afe74) Importer(815301076,1909f56bfc062723c751e8b465ee728b)
Start importing Assets/Prefab/palavras using Guid(9b430f5d2cdd95640937d36fa51afe74) Importer(815301076,1909f56bfc062723c751e8b465ee728b)  -> (artifact id: '02adfac7e4ca2e7e911cdfb132cfffce') in 0.007285 seconds
  Import took 0.011931 seconds .

========================================================================
Received Import Request.
  Time since last request: 0.961346 seconds.
  path: Assets/Prefab/palavras/Buttons_Test
  artifactKey: Guid(7d1a0dd5cbc91ad41a91f00ae9a63646) Importer(815301076,1909f56bfc062723c751e8b465ee728b)
Start importing Assets/Prefab/palavras/Buttons_Test using Guid(7d1a0dd5cbc91ad41a91f00ae9a63646) Importer(815301076,1909f56bfc062723c751e8b465ee728b)  -> (artifact id: '52fb47ab0e6de206cf8ab3c248b61c74') in 0.008971 seconds
  Import took 0.013285 seconds .

========================================================================
Received Import Request.
  Time since last request: 1.007465 seconds.
  path: Assets/Prefab/palavras/Buttons_Test/WORD.prefab
  artifactKey: Guid(06cb9f5103d255f4cb2b47d118df7ca3) Importer(815301076,1909f56bfc062723c751e8b465ee728b)
Start importing Assets/Prefab/palavras/Buttons_Test/WORD.prefab using Guid(06cb9f5103d255f4cb2b47d118df7ca3) Importer(815301076,1909f56bfc062723c751e8b465ee728b)  -> (artifact id: 'a52f56a150683a12cf19ee78ba82aa25') in 0.079968 seconds
  Import took 0.085100 seconds .

========================================================================
Received Import Request.
  Time since last request: 0.004182 seconds.
  path: Assets/Prefab/palavras/Buttons_Test/WORD.prefab
  artifactKey: Guid(06cb9f5103d255f4cb2b47d118df7ca3) Importer(815301076,1909f56bfc062723c751e8b465ee728b)
Start importing Assets/Prefab/palavras/Buttons_Test/WORD.prefab using Guid(06cb9f5103d255f4cb2b47d118df7ca3) Importer(815301076,1909f56bfc062723c751e8b465ee728b)  -> (artifact id: 'a52f56a150683a12cf19ee78ba82aa25') in 0.010796 seconds
  Import took 0.015348 seconds .

========================================================================
Received Import Request.
  Time since last request: 36.179215 seconds.
  path: Assets/Prefab/imagens
  artifactKey: Guid(1a00aac619015fd4388ef3d53103b422) Importer(815301076,1909f56bfc062723c751e8b465ee728b)
Start importing Assets/Prefab/imagens using Guid(1a00aac619015fd4388ef3d53103b422) Importer(815301076,1909f56bfc062723c751e8b465ee728b)  -> (artifact id: 'c792d549113966bc5bbddba0fbd234d7') in 0.008019 seconds
  Import took 0.012329 seconds .

========================================================================
Received Import Request.
  Time since last request: 2.837177 seconds.
  path: Assets/Prefab/imagens/objects
  artifactKey: Guid(1d63c3ddb32c21b4e91b8484a970b7a7) Importer(815301076,1909f56bfc062723c751e8b465ee728b)
Start importing Assets/Prefab/imagens/objects using Guid(1d63c3ddb32c21b4e91b8484a970b7a7) Importer(815301076,1909f56bfc062723c751e8b465ee728b)  -> (artifact id: '72926893e121987adb74a80e7327a7eb') in 0.009304 seconds
  Import took 0.013377 seconds .

========================================================================
Received Import Request.
  Time since last request: 1.012490 seconds.
  path: Assets/Prefab/imagens/objects/3
  artifactKey: Guid(78d5c425833ab1b469e2bbe046317713) Importer(815301076,1909f56bfc062723c751e8b465ee728b)
Start importing Assets/Prefab/imagens/objects/3 using Guid(78d5c425833ab1b469e2bbe046317713) Importer(815301076,1909f56bfc062723c751e8b465ee728b)  -> (artifact id: '0d544b6d2ff4cc3cb186e437ad5dc316') in 0.007883 seconds
  Import took 0.012614 seconds .

========================================================================
Received Import Request.
  Time since last request: 1.819031 seconds.
  path: Assets/Prefab/imagens/objects/3/BAG.prefab
  artifactKey: Guid(f65350bb3f801df41a6a18a6b7839efa) Importer(815301076,1909f56bfc062723c751e8b465ee728b)
Start importing Assets/Prefab/imagens/objects/3/BAG.prefab using Guid(f65350bb3f801df41a6a18a6b7839efa) Importer(815301076,1909f56bfc062723c751e8b465ee728b)  -> (artifact id: '73c7809f33ba819aa344d7ea876fcdac') in 0.010479 seconds
  Import took 0.015509 seconds .

========================================================================
Received Import Request.
  Time since last request: 0.015260 seconds.
  path: Assets/Prefab/imagens/objects/3/BAG.prefab
  artifactKey: Guid(f65350bb3f801df41a6a18a6b7839efa) Importer(815301076,1909f56bfc062723c751e8b465ee728b)
Start importing Assets/Prefab/imagens/objects/3/BAG.prefab using Guid(f65350bb3f801df41a6a18a6b7839efa) Importer(815301076,1909f56bfc062723c751e8b465ee728b)  -> (artifact id: '73c7809f33ba819aa344d7ea876fcdac') in 0.008923 seconds
  Import took 0.013697 seconds .

========================================================================
Received Prepare
Registering precompiled user dll's ...
Registered in 0.010071 seconds.
Begin MonoManager ReloadAssembly
Native extension for WindowsStandalone target not found
Refreshing native plugins compatible for Editor in 1.09 ms, found 0 plugins.
Preloading 0 native plugins for Editor in 0.00 ms.
Mono: successfully reloaded assembly
- Completed reload, in  1.817 seconds
Platform modules already initialized, skipping
Refreshing native plugins compatible for Editor in 1.65 ms, found 0 plugins.
Preloading 0 native plugins for Editor in 0.00 ms.
Unloading 1659 Unused Serialized files (Serialized files now loaded: 0)
System memory in use before: 72.2 MB.
System memory in use after: 72.4 MB.

Unloading 40 unused Assets to reduce memory usage. Loaded Objects now: 2084.
Total: 9.879600 ms (FindLiveObjects: 0.461600 ms CreateObjectMapping: 0.099500 ms MarkObjects: 9.256400 ms  DeleteObjects: 0.058600 ms)

========================================================================
Received Prepare
Registering precompiled user dll's ...
Registered in 0.007700 seconds.
Begin MonoManager ReloadAssembly
Native extension for WindowsStandalone target not found
Refreshing native plugins compatible for Editor in 1.09 ms, found 0 plugins.
Preloading 0 native plugins for Editor in 0.00 ms.
Mono: successfully reloaded assembly
- Completed reload, in  1.756 seconds
Platform modules already initialized, skipping
Refreshing native plugins compatible for Editor in 1.29 ms, found 0 plugins.
Preloading 0 native plugins for Editor in 0.00 ms.
Unloading 1659 Unused Serialized files (Serialized files now loaded: 0)
System memory in use before: 72.3 MB.
System memory in use after: 72.4 MB.

Unloading 40 unused Assets to reduce memory usage. Loaded Objects now: 2087.
Total: 8.948400 ms (FindLiveObjects: 0.405900 ms CreateObjectMapping: 0.105100 ms MarkObjects: 8.392700 ms  DeleteObjects: 0.042800 ms)

========================================================================
Received Prepare
Registering precompiled user dll's ...
Registered in 0.007565 seconds.
Begin MonoManager ReloadAssembly
Native extension for WindowsStandalone target not found
Refreshing native plugins compatible for Editor in 1.41 ms, found 0 plugins.
Preloading 0 native plugins for Editor in 0.00 ms.
Mono: successfully reloaded assembly
- Completed reload, in  1.700 seconds
Platform modules already initialized, skipping
Refreshing native plugins compatible for Editor in 1.39 ms, found 0 plugins.
Preloading 0 native plugins for Editor in 0.00 ms.
Unloading 1659 Unused Serialized files (Serialized files now loaded: 0)
System memory in use before: 72.3 MB.
System memory in use after: 72.4 MB.

Unloading 40 unused Assets to reduce memory usage. Loaded Objects now: 2090.
Total: 7.903500 ms (FindLiveObjects: 0.366500 ms CreateObjectMapping: 0.100200 ms MarkObjects: 7.393200 ms  DeleteObjects: 0.042200 ms)

========================================================================
Received Import Request.
  Time since last request: 1162.804655 seconds.
  path: Assets/Scenes
  artifactKey: Guid(7c8bb3e5510ffea46ae3d166c5e00449) Importer(815301076,1909f56bfc062723c751e8b465ee728b)
Start importing Assets/Scenes using Guid(7c8bb3e5510ffea46ae3d166c5e00449) Importer(815301076,1909f56bfc062723c751e8b465ee728b)  -> (artifact id: '8ed9202c733d935710f36445cc3e4b3d') in 0.013401 seconds
  Import took 0.017605 seconds .

========================================================================
Received Import Request.
  Time since last request: 5.352303 seconds.
  path: Assets/Scenes/Level01.unity
  artifactKey: Guid(a08f59bfe983fec44b6f72881c1a012d) Importer(815301076,1909f56bfc062723c751e8b465ee728b)
Start importing Assets/Scenes/Level01.unity using Guid(a08f59bfe983fec44b6f72881c1a012d) Importer(815301076,1909f56bfc062723c751e8b465ee728b)  -> (artifact id: 'b0143c61ca79d06f84b2e5f34122e223') in 0.025838 seconds
  Import took 0.029688 seconds .

========================================================================
Received Import Request.
  Time since last request: 106.751530 seconds.
  path: Assets/Scenes/Level02.unity
  artifactKey: Guid(bfb948097b771a14892d4f17eeb3adc0) Importer(815301076,1909f56bfc062723c751e8b465ee728b)
Start importing Assets/Scenes/Level02.unity using Guid(bfb948097b771a14892d4f17eeb3adc0) Importer(815301076,1909f56bfc062723c751e8b465ee728b)  -> (artifact id: 'b47d8f93a993c0e460016aee8a099fe7') in 0.008076 seconds
  Import took 0.012549 seconds .

========================================================================
Received Import Request.
  Time since last request: 27.668553 seconds.
  path: Assets/Scenes/Level03.unity
  artifactKey: Guid(5c59100859c5f774c8b32f8b56af7a8d) Importer(815301076,1909f56bfc062723c751e8b465ee728b)
Start importing Assets/Scenes/Level03.unity using Guid(5c59100859c5f774c8b32f8b56af7a8d) Importer(815301076,1909f56bfc062723c751e8b465ee728b)  -> (artifact id: 'f8bf735ade6621bb1f6132074a4bc058') in 0.007796 seconds
  Import took 0.011676 seconds .

========================================================================
Received Import Request.
  Time since last request: 14.400447 seconds.
  path: Assets/Scenes/Tutorial.unity
  artifactKey: Guid(0d0bdcd7232e0cd4d9153b38cf72dccb) Importer(815301076,1909f56bfc062723c751e8b465ee728b)
Start importing Assets/Scenes/Tutorial.unity using Guid(0d0bdcd7232e0cd4d9153b38cf72dccb) Importer(815301076,1909f56bfc062723c751e8b465ee728b)  -> (artifact id: '75b20d8e6149e13aca171816c006118e') in 0.010979 seconds
  Import took 0.015194 seconds .

========================================================================
Received Import Request.
  Time since last request: 28.584567 seconds.
  path: Assets/Scenes/MainMenu.unity
  artifactKey: Guid(f260192f360491a458a9fe6befa977c6) Importer(815301076,1909f56bfc062723c751e8b465ee728b)
Start importing Assets/Scenes/MainMenu.unity using Guid(f260192f360491a458a9fe6befa977c6) Importer(815301076,1909f56bfc062723c751e8b465ee728b)  -> (artifact id: 'c2c246657e3d59b8882027b56f7bc07f') in 0.008001 seconds
  Import took 0.012230 seconds .

========================================================================
Received Prepare
Registering precompiled user dll's ...
Registered in 0.005615 seconds.
Begin MonoManager ReloadAssembly
Native extension for WindowsStandalone target not found
Refreshing native plugins compatible for Editor in 1.08 ms, found 0 plugins.
Preloading 0 native plugins for Editor in 0.00 ms.
Mono: successfully reloaded assembly
- Completed reload, in  1.803 seconds
Platform modules already initialized, skipping
Refreshing native plugins compatible for Editor in 1.57 ms, found 0 plugins.
Preloading 0 native plugins for Editor in 0.00 ms.
Unloading 1659 Unused Serialized files (Serialized files now loaded: 0)
System memory in use before: 72.3 MB.
System memory in use after: 72.4 MB.

Unloading 40 unused Assets to reduce memory usage. Loaded Objects now: 2093.
Total: 12.638100 ms (FindLiveObjects: 0.570800 ms CreateObjectMapping: 0.118600 ms MarkObjects: 11.885600 ms  DeleteObjects: 0.060000 ms)

========================================================================
Received Prepare
Refreshing native plugins compatible for Editor in 26.91 ms, found 0 plugins.
Preloading 0 native plugins for Editor in 0.00 ms.
Unloading 38 Unused Serialized files (Serialized files now loaded: 0)
System memory in use before: 40.3 MB.
System memory in use after: 40.4 MB.

Unloading 38 unused Assets to reduce memory usage. Loaded Objects now: 2093.
Total: 7.368200 ms (FindLiveObjects: 0.432500 ms CreateObjectMapping: 0.093900 ms MarkObjects: 6.807200 ms  DeleteObjects: 0.033100 ms)

========================================================================
Received Prepare
Refreshing native plugins compatible for Editor in 29.61 ms, found 0 plugins.
Preloading 0 native plugins for Editor in 0.00 ms.
Unloading 38 Unused Serialized files (Serialized files now loaded: 0)
System memory in use before: 40.3 MB.
System memory in use after: 40.4 MB.

Unloading 38 unused Assets to reduce memory usage. Loaded Objects now: 2093.
Total: 8.559800 ms (FindLiveObjects: 0.361400 ms CreateObjectMapping: 0.095600 ms MarkObjects: 8.065800 ms  DeleteObjects: 0.034300 ms)

